Fault localization starts...
Number of positive tests: 1802
Number of negative tests: 23
Fault localization is finished!
AST parsing starts...
AST parsing is finished!
Detection of local variables starts...
Detection of local variables is finished!
Detection of fields starts...
Detection of fields is finished!
Detection of methods starts...
Detection of methods is finished!
Ingredient screener starts...
Ingredient screener is finished!
Initialization of manipulations starts...
Initialization of manipulations is finished!
Filtering of the tests starts...
Number of positive tests considered: 8
Filtering of the tests is finished!
Attempted = 2000
Success = 0
Failed (compilation) = 156
Failed (test suites) = 1490
Failed (tests) = 5445
Failed (timeout) = 100
