Fault localization starts...
Number of positive tests: 2818
Number of negative tests: 134
Fault localization is finished!
AST parsing starts...
AST parsing is finished!
Detection of local variables starts...
Detection of local variables is finished!
Detection of fields starts...
Detection of fields is finished!
Detection of methods starts...
Detection of methods is finished!
Ingredient screener starts...
Ingredient screener is finished!
Initialization of manipulations starts...
Initialization of manipulations is finished!
Filtering of the tests starts...
Number of positive tests considered: 401
Filtering of the tests is finished!
Attempted = 2000
Success = 0
Failed (compilation) = 21
Failed (test suites) = 349
Failed (tests) = 150526
Failed (timeout) = 1299
