Fault localization starts...
Number of positive tests: 2936
Number of negative tests: 16
Fault localization is finished!
AST parsing starts...
AST parsing is finished!
Detection of local variables starts...
Detection of local variables is finished!
Detection of fields starts...
Detection of fields is finished!
Detection of methods starts...
Detection of methods is finished!
Ingredient screener starts...
Ingredient screener is finished!
Initialization of manipulations starts...
Initialization of manipulations is finished!
Filtering of the tests starts...
Number of positive tests considered: 15
Filtering of the tests is finished!
Attempted = 2000
Success = 666
Failed (compilation) = 328
Failed (test suites) = 672
Failed (tests) = 1557
Failed (timeout) = 153
