Fault localization starts...
Number of positive tests: 4086
Number of negative tests: 32
Fault localization is finished!
AST parsing starts...
AST parsing is finished!
Detection of local variables starts...
Detection of local variables is finished!
Detection of fields starts...
Detection of fields is finished!
Detection of methods starts...
Detection of methods is finished!
Ingredient screener starts...
Ingredient screener is finished!
Initialization of manipulations starts...
Initialization of manipulations is finished!
Filtering of the tests starts...
Number of positive tests considered: 4
Filtering of the tests is finished!
Attempted = 2000
Success = 0
Failed (compilation) = 151
Failed (test suites) = 1674
Failed (tests) = 5391
Failed (timeout) = 1
