Fault localization starts...
Number of positive tests: 4570
Number of negative tests: 379
Fault localization is finished!
AST parsing starts...
AST parsing is finished!
Detection of local variables starts...
Detection of local variables is finished!
Detection of fields starts...
Detection of fields is finished!
Detection of methods starts...
Detection of methods is finished!
Ingredient screener starts...
Ingredient screener is finished!
Initialization of manipulations starts...
Initialization of manipulations is finished!
Filtering of the tests starts...
Number of positive tests considered: 1122
Filtering of the tests is finished!
Attempted = 2000
Success = 0
Failed (compilation) = 46
Failed (test suites) = 735
Failed (tests) = 920451
Failed (timeout) = 882
