Fault localization starts...
Number of positive tests: 1854
Number of negative tests: 22
Fault localization is finished!
AST parsing starts...
AST parsing is finished!
Detection of local variables starts...
Detection of local variables is finished!
Detection of fields starts...
Detection of fields is finished!
Detection of methods starts...
Detection of methods is finished!
Ingredient screener starts...
Ingredient screener is finished!
Initialization of manipulations starts...
Initialization of manipulations is finished!
Filtering of the tests starts...
Number of positive tests considered: 285
Filtering of the tests is finished!
Attempted = 2000
Success = 0
Failed (compilation) = 11
Failed (test suites) = 1904
Failed (tests) = 12089
Failed (timeout) = 3
