Fault localization starts...
Number of positive tests: 3253
Number of negative tests: 6
Fault localization is finished!
AST parsing starts...
AST parsing is finished!
Detection of local variables starts...
Detection of local variables is finished!
Detection of fields starts...
Detection of fields is finished!
Detection of methods starts...
Detection of methods is finished!
Ingredient screener starts...
Ingredient screener is finished!
Initialization of manipulations starts...
Initialization of manipulations is finished!
Filtering of the tests starts...
Number of positive tests considered: 21
Filtering of the tests is finished!
Attempted = 2000
Success = 0
Failed (compilation) = 405
Failed (test suites) = 1309
Failed (tests) = 4708
Failed (timeout) = 0
