Fault localization starts...
Number of positive tests: 1816
Number of negative tests: 9
Fault localization is finished!
AST parsing starts...
AST parsing is finished!
Detection of local variables starts...
Detection of local variables is finished!
Detection of fields starts...
Detection of fields is finished!
Detection of methods starts...
Detection of methods is finished!
Ingredient screener starts...
Ingredient screener is finished!
Initialization of manipulations starts...
Initialization of manipulations is finished!
Filtering of the tests starts...
Number of positive tests considered: 14
Filtering of the tests is finished!
Attempted = 2000
Success = 755
Failed (compilation) = 155
Failed (test suites) = 676
Failed (tests) = 2096
Failed (timeout) = 337
