Fault localization starts...
Number of positive tests: 2179
Number of negative tests: 7
Fault localization is finished!
AST parsing starts...
AST parsing is finished!
Detection of local variables starts...
Detection of local variables is finished!
Detection of fields starts...
Detection of fields is finished!
Detection of methods starts...
Detection of methods is finished!
Ingredient screener starts...
Ingredient screener is finished!
Initialization of manipulations starts...
Initialization of manipulations is finished!
Filtering of the tests starts...
Number of positive tests considered: 22
Filtering of the tests is finished!
Attempted = 2000
Success = 247
Failed (compilation) = 314
Failed (test suites) = 1299
Failed (tests) = 4898
Failed (timeout) = 0
