Fault localization starts...
Number of positive tests: 2951
Number of negative tests: 1
Fault localization is finished!
AST parsing starts...
AST parsing is finished!
Detection of local variables starts...
Detection of local variables is finished!
Detection of fields starts...
Detection of fields is finished!
Detection of methods starts...
Detection of methods is finished!
Ingredient screener starts...
Ingredient screener is finished!
Initialization of manipulations starts...
Initialization of manipulations is finished!
Filtering of the tests starts...
Number of positive tests considered: 42
Filtering of the tests is finished!
Attempted = 2000
Success = 816
Failed (compilation) = 101
Failed (test suites) = 911
Failed (tests) = 10788
Failed (timeout) = 38
