Fault localization starts...
Number of positive tests: 2510
Number of negative tests: 15
Fault localization is finished!
AST parsing starts...
AST parsing is finished!
Detection of local variables starts...
Detection of local variables is finished!
Detection of fields starts...
Detection of fields is finished!
Detection of methods starts...
Detection of methods is finished!
Ingredient screener starts...
Ingredient screener is finished!
Initialization of manipulations starts...
Initialization of manipulations is finished!
Filtering of the tests starts...
Number of positive tests considered: 58
Filtering of the tests is finished!
Attempted = 2000
Success = 538
Failed (compilation) = 348
Failed (test suites) = 923
Failed (tests) = 3004
Failed (timeout) = 0
